<?xml version="1.0" encoding="UTF-8"?>
<testng-results ignored="0" total="1" passed="1" failed="0" skipped="0">
  <reporter-output>
  </reporter-output>
  <suite started-at="2020-08-07T20:34:23 IST" name="Default suite" finished-at="2020-08-07T20:34:26 IST" duration-ms="3566">
    <groups>
    </groups>
    <test started-at="2020-08-07T20:34:23 IST" name="Default test" finished-at="2020-08-07T20:34:26 IST" duration-ms="3566">
      <class name="rest.RestAssured_Api_Automation.TestExe">
        <test-method signature="testInitila()[pri:0, instance:rest.RestAssured_Api_Automation.TestExe@4409e975]" started-at="2020-08-07T20:34:23 IST" name="testInitila" finished-at="2020-08-07T20:34:26 IST" duration-ms="3502" status="PASS">
          <reporter-output>
          </reporter-output>
        </test-method> <!-- testInitila -->
      </class> <!-- rest.RestAssured_Api_Automation.TestExe -->
    </test> <!-- Default test -->
  </suite> <!-- Default suite -->
</testng-results>
